<?xml version="1.0" encoding="UTF-8"?>
<testsuite xmlns:xsi="http://www.w3.org/2001/XMLSchema-instance" xsi:noNamespaceSchemaLocation="https://maven.apache.org/surefire/maven-surefire-plugin/xsd/surefire-test-report.xsd" name="com.reptile.ReptilesApplicationTests" time="8.654" tests="1" errors="0" skipped="0" failures="0">
  <properties>
    <property name="sun.desktop" value="windows"/>
    <property name="awt.toolkit" value="sun.awt.windows.WToolkit"/>
    <property name="file.encoding.pkg" value="sun.io"/>
    <property name="java.specification.version" value="1.8"/>
    <property name="sun.cpu.isalist" value="amd64"/>
    <property name="sun.jnu.encoding" value="GBK"/>
    <property name="java.class.path" value="E:\IDEA-workspace\zz_reptile\target\test-classes;E:\IDEA-workspace\zz_reptile\target\classes;D:\Program Files\Java\apache-maven-3.6.0\repository\org\springframework\boot\spring-boot-starter-web\2.1.1.RELEASE\spring-boot-starter-web-2.1.1.RELEASE.jar;D:\Program Files\Java\apache-maven-3.6.0\repository\org\springframework\boot\spring-boot-starter\2.1.1.RELEASE\spring-boot-starter-2.1.1.RELEASE.jar;D:\Program Files\Java\apache-maven-3.6.0\repository\org\springframework\boot\spring-boot-starter-logging\2.1.1.RELEASE\spring-boot-starter-logging-2.1.1.RELEASE.jar;D:\Program Files\Java\apache-maven-3.6.0\repository\ch\qos\logback\logback-classic\1.2.3\logback-classic-1.2.3.jar;D:\Program Files\Java\apache-maven-3.6.0\repository\ch\qos\logback\logback-core\1.2.3\logback-core-1.2.3.jar;D:\Program Files\Java\apache-maven-3.6.0\repository\org\apache\logging\log4j\log4j-to-slf4j\2.11.1\log4j-to-slf4j-2.11.1.jar;D:\Program Files\Java\apache-maven-3.6.0\repository\org\apache\logging\log4j\log4j-api\2.11.1\log4j-api-2.11.1.jar;D:\Program Files\Java\apache-maven-3.6.0\repository\org\slf4j\jul-to-slf4j\1.7.25\jul-to-slf4j-1.7.25.jar;D:\Program Files\Java\apache-maven-3.6.0\repository\org\yaml\snakeyaml\1.23\snakeyaml-1.23.jar;D:\Program Files\Java\apache-maven-3.6.0\repository\org\springframework\boot\spring-boot-starter-json\2.1.1.RELEASE\spring-boot-starter-json-2.1.1.RELEASE.jar;D:\Program Files\Java\apache-maven-3.6.0\repository\com\fasterxml\jackson\core\jackson-databind\2.9.7\jackson-databind-2.9.7.jar;D:\Program Files\Java\apache-maven-3.6.0\repository\com\fasterxml\jackson\core\jackson-annotations\2.9.0\jackson-annotations-2.9.0.jar;D:\Program Files\Java\apache-maven-3.6.0\repository\com\fasterxml\jackson\core\jackson-core\2.9.7\jackson-core-2.9.7.jar;D:\Program Files\Java\apache-maven-3.6.0\repository\com\fasterxml\jackson\datatype\jackson-datatype-jdk8\2.9.7\jackson-datatype-jdk8-2.9.7.jar;D:\Program Files\Java\apache-maven-3.6.0\repository\com\fasterxml\jackson\datatype\jackson-datatype-jsr310\2.9.7\jackson-datatype-jsr310-2.9.7.jar;D:\Program Files\Java\apache-maven-3.6.0\repository\com\fasterxml\jackson\module\jackson-module-parameter-names\2.9.7\jackson-module-parameter-names-2.9.7.jar;D:\Program Files\Java\apache-maven-3.6.0\repository\org\hibernate\validator\hibernate-validator\6.0.13.Final\hibernate-validator-6.0.13.Final.jar;D:\Program Files\Java\apache-maven-3.6.0\repository\javax\validation\validation-api\2.0.1.Final\validation-api-2.0.1.Final.jar;D:\Program Files\Java\apache-maven-3.6.0\repository\org\jboss\logging\jboss-logging\3.3.2.Final\jboss-logging-3.3.2.Final.jar;D:\Program Files\Java\apache-maven-3.6.0\repository\com\fasterxml\classmate\1.4.0\classmate-1.4.0.jar;D:\Program Files\Java\apache-maven-3.6.0\repository\org\springframework\spring-web\5.1.3.RELEASE\spring-web-5.1.3.RELEASE.jar;D:\Program Files\Java\apache-maven-3.6.0\repository\org\springframework\spring-beans\5.1.3.RELEASE\spring-beans-5.1.3.RELEASE.jar;D:\Program Files\Java\apache-maven-3.6.0\repository\org\springframework\spring-webmvc\5.1.3.RELEASE\spring-webmvc-5.1.3.RELEASE.jar;D:\Program Files\Java\apache-maven-3.6.0\repository\org\springframework\spring-aop\5.1.3.RELEASE\spring-aop-5.1.3.RELEASE.jar;D:\Program Files\Java\apache-maven-3.6.0\repository\org\springframework\spring-context\5.1.3.RELEASE\spring-context-5.1.3.RELEASE.jar;D:\Program Files\Java\apache-maven-3.6.0\repository\org\springframework\spring-expression\5.1.3.RELEASE\spring-expression-5.1.3.RELEASE.jar;D:\Program Files\Java\apache-maven-3.6.0\repository\org\mybatis\spring\boot\mybatis-spring-boot-starter\1.3.2\mybatis-spring-boot-starter-1.3.2.jar;D:\Program Files\Java\apache-maven-3.6.0\repository\org\springframework\boot\spring-boot-starter-jdbc\2.1.1.RELEASE\spring-boot-starter-jdbc-2.1.1.RELEASE.jar;D:\Program Files\Java\apache-maven-3.6.0\repository\com\zaxxer\HikariCP\3.2.0\HikariCP-3.2.0.jar;D:\Program Files\Java\apache-maven-3.6.0\repository\org\springframework\spring-jdbc\5.1.3.RELEASE\spring-jdbc-5.1.3.RELEASE.jar;D:\Program Files\Java\apache-maven-3.6.0\repository\org\springframework\spring-tx\5.1.3.RELEASE\spring-tx-5.1.3.RELEASE.jar;D:\Program Files\Java\apache-maven-3.6.0\repository\org\mybatis\spring\boot\mybatis-spring-boot-autoconfigure\1.3.2\mybatis-spring-boot-autoconfigure-1.3.2.jar;D:\Program Files\Java\apache-maven-3.6.0\repository\org\mybatis\mybatis\3.4.6\mybatis-3.4.6.jar;D:\Program Files\Java\apache-maven-3.6.0\repository\org\mybatis\mybatis-spring\1.3.2\mybatis-spring-1.3.2.jar;D:\Program Files\Java\apache-maven-3.6.0\repository\mysql\mysql-connector-java\8.0.13\mysql-connector-java-8.0.13.jar;D:\Program Files\Java\apache-maven-3.6.0\repository\org\springframework\boot\spring-boot-starter-tomcat\2.1.1.RELEASE\spring-boot-starter-tomcat-2.1.1.RELEASE.jar;D:\Program Files\Java\apache-maven-3.6.0\repository\javax\annotation\javax.annotation-api\1.3.2\javax.annotation-api-1.3.2.jar;D:\Program Files\Java\apache-maven-3.6.0\repository\org\apache\tomcat\embed\tomcat-embed-core\9.0.13\tomcat-embed-core-9.0.13.jar;D:\Program Files\Java\apache-maven-3.6.0\repository\org\apache\tomcat\embed\tomcat-embed-el\9.0.13\tomcat-embed-el-9.0.13.jar;D:\Program Files\Java\apache-maven-3.6.0\repository\org\apache\tomcat\embed\tomcat-embed-websocket\9.0.13\tomcat-embed-websocket-9.0.13.jar;D:\Program Files\Java\apache-maven-3.6.0\repository\org\springframework\boot\spring-boot-starter-test\2.1.1.RELEASE\spring-boot-starter-test-2.1.1.RELEASE.jar;D:\Program Files\Java\apache-maven-3.6.0\repository\org\springframework\boot\spring-boot-test\2.1.1.RELEASE\spring-boot-test-2.1.1.RELEASE.jar;D:\Program Files\Java\apache-maven-3.6.0\repository\org\springframework\boot\spring-boot-test-autoconfigure\2.1.1.RELEASE\spring-boot-test-autoconfigure-2.1.1.RELEASE.jar;D:\Program Files\Java\apache-maven-3.6.0\repository\com\jayway\jsonpath\json-path\2.4.0\json-path-2.4.0.jar;D:\Program Files\Java\apache-maven-3.6.0\repository\net\minidev\json-smart\2.3\json-smart-2.3.jar;D:\Program Files\Java\apache-maven-3.6.0\repository\net\minidev\accessors-smart\1.2\accessors-smart-1.2.jar;D:\Program Files\Java\apache-maven-3.6.0\repository\org\ow2\asm\asm\5.0.4\asm-5.0.4.jar;D:\Program Files\Java\apache-maven-3.6.0\repository\org\slf4j\slf4j-api\1.7.25\slf4j-api-1.7.25.jar;D:\Program Files\Java\apache-maven-3.6.0\repository\junit\junit\4.12\junit-4.12.jar;D:\Program Files\Java\apache-maven-3.6.0\repository\org\assertj\assertj-core\3.11.1\assertj-core-3.11.1.jar;D:\Program Files\Java\apache-maven-3.6.0\repository\org\mockito\mockito-core\2.23.4\mockito-core-2.23.4.jar;D:\Program Files\Java\apache-maven-3.6.0\repository\net\bytebuddy\byte-buddy\1.9.5\byte-buddy-1.9.5.jar;D:\Program Files\Java\apache-maven-3.6.0\repository\net\bytebuddy\byte-buddy-agent\1.9.5\byte-buddy-agent-1.9.5.jar;D:\Program Files\Java\apache-maven-3.6.0\repository\org\objenesis\objenesis\2.6\objenesis-2.6.jar;D:\Program Files\Java\apache-maven-3.6.0\repository\org\hamcrest\hamcrest-core\1.3\hamcrest-core-1.3.jar;D:\Program Files\Java\apache-maven-3.6.0\repository\org\hamcrest\hamcrest-library\1.3\hamcrest-library-1.3.jar;D:\Program Files\Java\apache-maven-3.6.0\repository\org\skyscreamer\jsonassert\1.5.0\jsonassert-1.5.0.jar;D:\Program Files\Java\apache-maven-3.6.0\repository\com\vaadin\external\google\android-json\0.0.20131108.vaadin1\android-json-0.0.20131108.vaadin1.jar;D:\Program Files\Java\apache-maven-3.6.0\repository\org\springframework\spring-core\5.1.3.RELEASE\spring-core-5.1.3.RELEASE.jar;D:\Program Files\Java\apache-maven-3.6.0\repository\org\springframework\spring-jcl\5.1.3.RELEASE\spring-jcl-5.1.3.RELEASE.jar;D:\Program Files\Java\apache-maven-3.6.0\repository\org\springframework\spring-test\5.1.3.RELEASE\spring-test-5.1.3.RELEASE.jar;D:\Program Files\Java\apache-maven-3.6.0\repository\org\xmlunit\xmlunit-core\2.6.2\xmlunit-core-2.6.2.jar;D:\Program Files\Java\apache-maven-3.6.0\repository\com\alibaba\druid\1.1.0\druid-1.1.0.jar;D:\Program Files\Java\jdk1.8.0_191\jre\..\lib\jconsole.jar;D:\Program Files\Java\jdk1.8.0_191\jre\..\lib\tools.jar;D:\Program Files\Java\apache-maven-3.6.0\repository\org\springframework\boot\spring-boot-devtools\2.1.1.RELEASE\spring-boot-devtools-2.1.1.RELEASE.jar;D:\Program Files\Java\apache-maven-3.6.0\repository\org\springframework\boot\spring-boot\2.1.1.RELEASE\spring-boot-2.1.1.RELEASE.jar;D:\Program Files\Java\apache-maven-3.6.0\repository\org\springframework\boot\spring-boot-autoconfigure\2.1.1.RELEASE\spring-boot-autoconfigure-2.1.1.RELEASE.jar;D:\Program Files\Java\apache-maven-3.6.0\repository\org\mybatis\generator\mybatis-generator-core\1.3.5\mybatis-generator-core-1.3.5.jar;D:\Program Files\Java\apache-maven-3.6.0\repository\com\github\pagehelper\pagehelper\4.0.0\pagehelper-4.0.0.jar;D:\Program Files\Java\apache-maven-3.6.0\repository\com\github\jsqlparser\jsqlparser\0.9.1\jsqlparser-0.9.1.jar;D:\Program Files\Java\apache-maven-3.6.0\repository\org\jsoup\jsoup\1.11.3\jsoup-1.11.3.jar;D:\Program Files\Java\apache-maven-3.6.0\repository\org\apache\pdfbox\pdfbox\1.8.13\pdfbox-1.8.13.jar;D:\Program Files\Java\apache-maven-3.6.0\repository\org\apache\pdfbox\jempbox\1.8.13\jempbox-1.8.13.jar;D:\Program Files\Java\apache-maven-3.6.0\repository\commons-logging\commons-logging\1.1.1\commons-logging-1.1.1.jar;D:\Program Files\Java\apache-maven-3.6.0\repository\org\apache\pdfbox\fontbox\1.8.13\fontbox-1.8.13.jar;"/>
    <property name="java.vm.vendor" value="Oracle Corporation"/>
    <property name="sun.arch.data.model" value="64"/>
    <property name="user.variant" value=""/>
    <property name="java.vendor.url" value="http://java.oracle.com/"/>
    <property name="user.timezone" value="Asia/Shanghai"/>
    <property name="java.vm.specification.version" value="1.8"/>
    <property name="os.name" value="Windows 10"/>
    <property name="user.country" value="CN"/>
    <property name="sun.java.launcher" value="SUN_STANDARD"/>
    <property name="sun.boot.library.path" value="D:\Program Files\Java\jdk1.8.0_191\jre\bin"/>
    <property name="sun.java.command" value="C:\Users\SH\AppData\Local\Temp\surefire6948026736348775326\surefirebooter487122970314304597.jar C:\Users\SH\AppData\Local\Temp\surefire6948026736348775326 2019-02-20T12-18-29_119-jvmRun1 surefire597310437025724711tmp surefire_04139157353686538785tmp"/>
    <property name="surefire.test.class.path" value="E:\IDEA-workspace\zz_reptile\target\test-classes;E:\IDEA-workspace\zz_reptile\target\classes;D:\Program Files\Java\apache-maven-3.6.0\repository\org\springframework\boot\spring-boot-starter-web\2.1.1.RELEASE\spring-boot-starter-web-2.1.1.RELEASE.jar;D:\Program Files\Java\apache-maven-3.6.0\repository\org\springframework\boot\spring-boot-starter\2.1.1.RELEASE\spring-boot-starter-2.1.1.RELEASE.jar;D:\Program Files\Java\apache-maven-3.6.0\repository\org\springframework\boot\spring-boot-starter-logging\2.1.1.RELEASE\spring-boot-starter-logging-2.1.1.RELEASE.jar;D:\Program Files\Java\apache-maven-3.6.0\repository\ch\qos\logback\logback-classic\1.2.3\logback-classic-1.2.3.jar;D:\Program Files\Java\apache-maven-3.6.0\repository\ch\qos\logback\logback-core\1.2.3\logback-core-1.2.3.jar;D:\Program Files\Java\apache-maven-3.6.0\repository\org\apache\logging\log4j\log4j-to-slf4j\2.11.1\log4j-to-slf4j-2.11.1.jar;D:\Program Files\Java\apache-maven-3.6.0\repository\org\apache\logging\log4j\log4j-api\2.11.1\log4j-api-2.11.1.jar;D:\Program Files\Java\apache-maven-3.6.0\repository\org\slf4j\jul-to-slf4j\1.7.25\jul-to-slf4j-1.7.25.jar;D:\Program Files\Java\apache-maven-3.6.0\repository\org\yaml\snakeyaml\1.23\snakeyaml-1.23.jar;D:\Program Files\Java\apache-maven-3.6.0\repository\org\springframework\boot\spring-boot-starter-json\2.1.1.RELEASE\spring-boot-starter-json-2.1.1.RELEASE.jar;D:\Program Files\Java\apache-maven-3.6.0\repository\com\fasterxml\jackson\core\jackson-databind\2.9.7\jackson-databind-2.9.7.jar;D:\Program Files\Java\apache-maven-3.6.0\repository\com\fasterxml\jackson\core\jackson-annotations\2.9.0\jackson-annotations-2.9.0.jar;D:\Program Files\Java\apache-maven-3.6.0\repository\com\fasterxml\jackson\core\jackson-core\2.9.7\jackson-core-2.9.7.jar;D:\Program Files\Java\apache-maven-3.6.0\repository\com\fasterxml\jackson\datatype\jackson-datatype-jdk8\2.9.7\jackson-datatype-jdk8-2.9.7.jar;D:\Program Files\Java\apache-maven-3.6.0\repository\com\fasterxml\jackson\datatype\jackson-datatype-jsr310\2.9.7\jackson-datatype-jsr310-2.9.7.jar;D:\Program Files\Java\apache-maven-3.6.0\repository\com\fasterxml\jackson\module\jackson-module-parameter-names\2.9.7\jackson-module-parameter-names-2.9.7.jar;D:\Program Files\Java\apache-maven-3.6.0\repository\org\hibernate\validator\hibernate-validator\6.0.13.Final\hibernate-validator-6.0.13.Final.jar;D:\Program Files\Java\apache-maven-3.6.0\repository\javax\validation\validation-api\2.0.1.Final\validation-api-2.0.1.Final.jar;D:\Program Files\Java\apache-maven-3.6.0\repository\org\jboss\logging\jboss-logging\3.3.2.Final\jboss-logging-3.3.2.Final.jar;D:\Program Files\Java\apache-maven-3.6.0\repository\com\fasterxml\classmate\1.4.0\classmate-1.4.0.jar;D:\Program Files\Java\apache-maven-3.6.0\repository\org\springframework\spring-web\5.1.3.RELEASE\spring-web-5.1.3.RELEASE.jar;D:\Program Files\Java\apache-maven-3.6.0\repository\org\springframework\spring-beans\5.1.3.RELEASE\spring-beans-5.1.3.RELEASE.jar;D:\Program Files\Java\apache-maven-3.6.0\repository\org\springframework\spring-webmvc\5.1.3.RELEASE\spring-webmvc-5.1.3.RELEASE.jar;D:\Program Files\Java\apache-maven-3.6.0\repository\org\springframework\spring-aop\5.1.3.RELEASE\spring-aop-5.1.3.RELEASE.jar;D:\Program Files\Java\apache-maven-3.6.0\repository\org\springframework\spring-context\5.1.3.RELEASE\spring-context-5.1.3.RELEASE.jar;D:\Program Files\Java\apache-maven-3.6.0\repository\org\springframework\spring-expression\5.1.3.RELEASE\spring-expression-5.1.3.RELEASE.jar;D:\Program Files\Java\apache-maven-3.6.0\repository\org\mybatis\spring\boot\mybatis-spring-boot-starter\1.3.2\mybatis-spring-boot-starter-1.3.2.jar;D:\Program Files\Java\apache-maven-3.6.0\repository\org\springframework\boot\spring-boot-starter-jdbc\2.1.1.RELEASE\spring-boot-starter-jdbc-2.1.1.RELEASE.jar;D:\Program Files\Java\apache-maven-3.6.0\repository\com\zaxxer\HikariCP\3.2.0\HikariCP-3.2.0.jar;D:\Program Files\Java\apache-maven-3.6.0\repository\org\springframework\spring-jdbc\5.1.3.RELEASE\spring-jdbc-5.1.3.RELEASE.jar;D:\Program Files\Java\apache-maven-3.6.0\repository\org\springframework\spring-tx\5.1.3.RELEASE\spring-tx-5.1.3.RELEASE.jar;D:\Program Files\Java\apache-maven-3.6.0\repository\org\mybatis\spring\boot\mybatis-spring-boot-autoconfigure\1.3.2\mybatis-spring-boot-autoconfigure-1.3.2.jar;D:\Program Files\Java\apache-maven-3.6.0\repository\org\mybatis\mybatis\3.4.6\mybatis-3.4.6.jar;D:\Program Files\Java\apache-maven-3.6.0\repository\org\mybatis\mybatis-spring\1.3.2\mybatis-spring-1.3.2.jar;D:\Program Files\Java\apache-maven-3.6.0\repository\mysql\mysql-connector-java\8.0.13\mysql-connector-java-8.0.13.jar;D:\Program Files\Java\apache-maven-3.6.0\repository\org\springframework\boot\spring-boot-starter-tomcat\2.1.1.RELEASE\spring-boot-starter-tomcat-2.1.1.RELEASE.jar;D:\Program Files\Java\apache-maven-3.6.0\repository\javax\annotation\javax.annotation-api\1.3.2\javax.annotation-api-1.3.2.jar;D:\Program Files\Java\apache-maven-3.6.0\repository\org\apache\tomcat\embed\tomcat-embed-core\9.0.13\tomcat-embed-core-9.0.13.jar;D:\Program Files\Java\apache-maven-3.6.0\repository\org\apache\tomcat\embed\tomcat-embed-el\9.0.13\tomcat-embed-el-9.0.13.jar;D:\Program Files\Java\apache-maven-3.6.0\repository\org\apache\tomcat\embed\tomcat-embed-websocket\9.0.13\tomcat-embed-websocket-9.0.13.jar;D:\Program Files\Java\apache-maven-3.6.0\repository\org\springframework\boot\spring-boot-starter-test\2.1.1.RELEASE\spring-boot-starter-test-2.1.1.RELEASE.jar;D:\Program Files\Java\apache-maven-3.6.0\repository\org\springframework\boot\spring-boot-test\2.1.1.RELEASE\spring-boot-test-2.1.1.RELEASE.jar;D:\Program Files\Java\apache-maven-3.6.0\repository\org\springframework\boot\spring-boot-test-autoconfigure\2.1.1.RELEASE\spring-boot-test-autoconfigure-2.1.1.RELEASE.jar;D:\Program Files\Java\apache-maven-3.6.0\repository\com\jayway\jsonpath\json-path\2.4.0\json-path-2.4.0.jar;D:\Program Files\Java\apache-maven-3.6.0\repository\net\minidev\json-smart\2.3\json-smart-2.3.jar;D:\Program Files\Java\apache-maven-3.6.0\repository\net\minidev\accessors-smart\1.2\accessors-smart-1.2.jar;D:\Program Files\Java\apache-maven-3.6.0\repository\org\ow2\asm\asm\5.0.4\asm-5.0.4.jar;D:\Program Files\Java\apache-maven-3.6.0\repository\org\slf4j\slf4j-api\1.7.25\slf4j-api-1.7.25.jar;D:\Program Files\Java\apache-maven-3.6.0\repository\junit\junit\4.12\junit-4.12.jar;D:\Program Files\Java\apache-maven-3.6.0\repository\org\assertj\assertj-core\3.11.1\assertj-core-3.11.1.jar;D:\Program Files\Java\apache-maven-3.6.0\repository\org\mockito\mockito-core\2.23.4\mockito-core-2.23.4.jar;D:\Program Files\Java\apache-maven-3.6.0\repository\net\bytebuddy\byte-buddy\1.9.5\byte-buddy-1.9.5.jar;D:\Program Files\Java\apache-maven-3.6.0\repository\net\bytebuddy\byte-buddy-agent\1.9.5\byte-buddy-agent-1.9.5.jar;D:\Program Files\Java\apache-maven-3.6.0\repository\org\objenesis\objenesis\2.6\objenesis-2.6.jar;D:\Program Files\Java\apache-maven-3.6.0\repository\org\hamcrest\hamcrest-core\1.3\hamcrest-core-1.3.jar;D:\Program Files\Java\apache-maven-3.6.0\repository\org\hamcrest\hamcrest-library\1.3\hamcrest-library-1.3.jar;D:\Program Files\Java\apache-maven-3.6.0\repository\org\skyscreamer\jsonassert\1.5.0\jsonassert-1.5.0.jar;D:\Program Files\Java\apache-maven-3.6.0\repository\com\vaadin\external\google\android-json\0.0.20131108.vaadin1\android-json-0.0.20131108.vaadin1.jar;D:\Program Files\Java\apache-maven-3.6.0\repository\org\springframework\spring-core\5.1.3.RELEASE\spring-core-5.1.3.RELEASE.jar;D:\Program Files\Java\apache-maven-3.6.0\repository\org\springframework\spring-jcl\5.1.3.RELEASE\spring-jcl-5.1.3.RELEASE.jar;D:\Program Files\Java\apache-maven-3.6.0\repository\org\springframework\spring-test\5.1.3.RELEASE\spring-test-5.1.3.RELEASE.jar;D:\Program Files\Java\apache-maven-3.6.0\repository\org\xmlunit\xmlunit-core\2.6.2\xmlunit-core-2.6.2.jar;D:\Program Files\Java\apache-maven-3.6.0\repository\com\alibaba\druid\1.1.0\druid-1.1.0.jar;D:\Program Files\Java\jdk1.8.0_191\jre\..\lib\jconsole.jar;D:\Program Files\Java\jdk1.8.0_191\jre\..\lib\tools.jar;D:\Program Files\Java\apache-maven-3.6.0\repository\org\springframework\boot\spring-boot-devtools\2.1.1.RELEASE\spring-boot-devtools-2.1.1.RELEASE.jar;D:\Program Files\Java\apache-maven-3.6.0\repository\org\springframework\boot\spring-boot\2.1.1.RELEASE\spring-boot-2.1.1.RELEASE.jar;D:\Program Files\Java\apache-maven-3.6.0\repository\org\springframework\boot\spring-boot-autoconfigure\2.1.1.RELEASE\spring-boot-autoconfigure-2.1.1.RELEASE.jar;D:\Program Files\Java\apache-maven-3.6.0\repository\org\mybatis\generator\mybatis-generator-core\1.3.5\mybatis-generator-core-1.3.5.jar;D:\Program Files\Java\apache-maven-3.6.0\repository\com\github\pagehelper\pagehelper\4.0.0\pagehelper-4.0.0.jar;D:\Program Files\Java\apache-maven-3.6.0\repository\com\github\jsqlparser\jsqlparser\0.9.1\jsqlparser-0.9.1.jar;D:\Program Files\Java\apache-maven-3.6.0\repository\org\jsoup\jsoup\1.11.3\jsoup-1.11.3.jar;D:\Program Files\Java\apache-maven-3.6.0\repository\org\apache\pdfbox\pdfbox\1.8.13\pdfbox-1.8.13.jar;D:\Program Files\Java\apache-maven-3.6.0\repository\org\apache\pdfbox\jempbox\1.8.13\jempbox-1.8.13.jar;D:\Program Files\Java\apache-maven-3.6.0\repository\commons-logging\commons-logging\1.1.1\commons-logging-1.1.1.jar;D:\Program Files\Java\apache-maven-3.6.0\repository\org\apache\pdfbox\fontbox\1.8.13\fontbox-1.8.13.jar;"/>
    <property name="sun.cpu.endian" value="little"/>
    <property name="user.home" value="C:\Users\SH"/>
    <property name="user.language" value="zh"/>
    <property name="java.specification.vendor" value="Oracle Corporation"/>
    <property name="java.home" value="D:\Program Files\Java\jdk1.8.0_191\jre"/>
    <property name="basedir" value="E:\IDEA-workspace\zz_reptile"/>
    <property name="file.separator" value="\"/>
    <property name="line.separator" value="&#10;"/>
    <property name="java.vm.specification.vendor" value="Oracle Corporation"/>
    <property name="java.specification.name" value="Java Platform API Specification"/>
    <property name="java.awt.graphicsenv" value="sun.awt.Win32GraphicsEnvironment"/>
    <property name="surefire.real.class.path" value="C:\Users\SH\AppData\Local\Temp\surefire6948026736348775326\surefirebooter487122970314304597.jar"/>
    <property name="sun.boot.class.path" value="D:\Program Files\Java\jdk1.8.0_191\jre\lib\resources.jar;D:\Program Files\Java\jdk1.8.0_191\jre\lib\rt.jar;D:\Program Files\Java\jdk1.8.0_191\jre\lib\sunrsasign.jar;D:\Program Files\Java\jdk1.8.0_191\jre\lib\jsse.jar;D:\Program Files\Java\jdk1.8.0_191\jre\lib\jce.jar;D:\Program Files\Java\jdk1.8.0_191\jre\lib\charsets.jar;D:\Program Files\Java\jdk1.8.0_191\jre\lib\jfr.jar;D:\Program Files\Java\jdk1.8.0_191\jre\classes"/>
    <property name="user.script" value=""/>
    <property name="sun.management.compiler" value="HotSpot 64-Bit Tiered Compilers"/>
    <property name="java.runtime.version" value="1.8.0_191-b12"/>
    <property name="user.name" value="20162"/>
    <property name="path.separator" value=";"/>
    <property name="os.version" value="10.0"/>
    <property name="java.endorsed.dirs" value="D:\Program Files\Java\jdk1.8.0_191\jre\lib\endorsed"/>
    <property name="java.runtime.name" value="Java(TM) SE Runtime Environment"/>
    <property name="file.encoding" value="GBK"/>
    <property name="java.vm.name" value="Java HotSpot(TM) 64-Bit Server VM"/>
    <property name="localRepository" value="D:\Program Files\Java\apache-maven-3.6.0\repository"/>
    <property name="java.vendor.url.bug" value="http://bugreport.sun.com/bugreport/"/>
    <property name="java.io.tmpdir" value="C:\Users\SH\AppData\Local\Temp\"/>
    <property name="idea.version" value="2018.3.3"/>
    <property name="java.version" value="1.8.0_191"/>
    <property name="user.dir" value="E:\IDEA-workspace\zz_reptile"/>
    <property name="os.arch" value="amd64"/>
    <property name="java.vm.specification.name" value="Java Virtual Machine Specification"/>
    <property name="java.awt.printerjob" value="sun.awt.windows.WPrinterJob"/>
    <property name="sun.os.patch.level" value=""/>
    <property name="java.library.path" value="D:\Program Files\Java\jdk1.8.0_191\jre\bin;C:\Windows\Sun\Java\bin;C:\Windows\system32;C:\Windows;C:\Program Files (x86)\Common Files\NetSarang;D:\oracleClient\product\11.2.0\client_2\bin;D:\oracleClient\product\11.2.0\client_1\bin;C:\Program Files (x86)\Common Files\Oracle\Java\javapath;C:\Windows\system32;C:\Windows;C:\Windows\System32\Wbem;C:\Windows\System32\WindowsPowerShell\v1.0\;D:\Program Files\Java\jdk1.8.0_191\bin;D:\Program Files\Java\jdk1.8.0_191\jre\bin;D:\Program Files\Java\apache-maven-3.6.0\bin\;D:\software\mysql-8.0.13-winx64\bin;D:\Program Files\Git\cmd;D:\Program Files\Redis\;D:\Program Files\nodejs\;D:\software\mycat\bin;C:\Users\SH\AppData\Local\Microsoft\WindowsApps;;D:\Users\SH\AppData\Local\Programs\Microsoft VS Code\bin;C:\Users\SH\AppData\Roaming\npm;."/>
    <property name="java.vm.info" value="mixed mode"/>
    <property name="java.vendor" value="Oracle Corporation"/>
    <property name="java.vm.version" value="25.191-b12"/>
    <property name="java.ext.dirs" value="D:\Program Files\Java\jdk1.8.0_191\jre\lib\ext;C:\Windows\Sun\Java\lib\ext"/>
    <property name="sun.io.unicode.encoding" value="UnicodeLittle"/>
    <property name="java.class.version" value="52.0"/>
  </properties>
  <testcase name="contextLoads" classname="com.reptile.ReptilesApplicationTests" time="0.635"/>
</testsuite>